Arguments: 
  /usr/local/bin/node /usr/local/bin/yarn start

PATH: 
  /Users/videoedtitiranwire/Desktop/newsQuiz/api/node_modules/.bin:/Users/videoedtitiranwire/.config/yarn/link/node_modules/.bin:/Users/videoedtitiranwire/Desktop/newsQuiz/api/node_modules/.bin:/Users/videoedtitiranwire/.config/yarn/link/node_modules/.bin:/usr/local/libexec/lib/node_modules/npm/bin/node-gyp-bin:/usr/local/lib/node_modules/npm/bin/node-gyp-bin:/usr/local/bin/node_modules/npm/bin/node-gyp-bin:/Users/videoedtitiranwire/Desktop/newsQuiz/api/node_modules/.bin:/Users/videoedtitiranwire/.config/yarn/link/node_modules/.bin:/Users/videoedtitiranwire/Desktop/newsQuiz/api/node_modules/.bin:/Users/videoedtitiranwire/.config/yarn/link/node_modules/.bin:/usr/local/libexec/lib/node_modules/npm/bin/node-gyp-bin:/usr/local/lib/node_modules/npm/bin/node-gyp-bin:/usr/local/bin/node_modules/npm/bin/node-gyp-bin:/Library/Frameworks/Python.framework/Versions/3.6/bin:/usr/local/bin:/usr/bin:/bin:/usr/sbin:/sbin

Yarn version: 
  1.5.1

Node version: 
  8.9.0

Platform: 
  darwin x64

npm manifest: 
  {
    "name": "newsquiz",
    "version": "0.1.0",
    "private": true,
    "dependencies": {
      "react": "^16.4.2",
      "react-dom": "^16.4.2",
      "react-redux": "^5.0.7",
      "react-scripts": "1.1.4",
      "redux": "^4.0.0",
      "redux-thunk": "^2.3.0"
    },
    "scripts": {
      "start": "react-scripts start",
      "build": "react-scripts build",
      "test": "react-scripts test --env=jsdom",
      "eject": "react-scripts eject"
    },
    "proxy": "http://localhost:5000/"
  }

yarn manifest: 
  No manifest

Lockfile: 
  No lockfile

Trace: 
  Error: Command failed.
  Exit code: 127
  Command: sh
  Arguments: -c react-scripts start
  Directory: /Users/videoedtitiranwire/Desktop/newsQuiz/client
  Output:
  
      at ProcessTermError.MessageError (/usr/local/lib/node_modules/yarn/lib/cli.js:186:110)
      at new ProcessTermError (/usr/local/lib/node_modules/yarn/lib/cli.js:226:113)
      at ChildProcess.<anonymous> (/usr/local/lib/node_modules/yarn/lib/cli.js:30281:17)
      at emitTwo (events.js:126:13)
      at ChildProcess.emit (events.js:214:7)
      at maybeClose (internal/child_process.js:925:16)
      at Process.ChildProcess._handle.onexit (internal/child_process.js:209:5)
