Arguments: 
  /usr/local/bin/node /usr/local/bin/yarn dev

PATH: 
  /Library/Frameworks/Python.framework/Versions/3.6/bin:/usr/local/bin:/usr/bin:/bin:/usr/sbin:/sbin

Yarn version: 
  1.5.1

Node version: 
  8.9.0

Platform: 
  darwin x64

npm manifest: 
  {
    "name": "newsquiz",
    "version": "1.0.0",
    "description": "",
    "main": "server.js",
    "scripts": {
      "client": "cd ../client && yarn start",
      "server": "nodemon start.js",
      "dev": "concurrently --kill-others-on-fail \"yarn server\" \"yarn client\""
    },
    "dependencies": {
      "body-parser": "^1.18.2",
      "connect-mongo": "^2.0.1",
      "cookie-parser": "^1.4.3",
      "dotenv": "^6.0.0",
      "es6-promisify": "^6.0.0",
      "express": "^4.16.3",
      "express-session": "^1.15.6",
      "express-validator": "^5.1.2",
      "md5": "^2.2.1",
      "mongodb": "^3.0.7",
      "mongoose": "^5.0.17",
      "mongoose-mongodb-errors": "0.0.2",
      "nodemon": "^1.17.3",
      "passport": "^0.4.0",
      "passport-local": "^1.0.0"
    },
    "devDependencies": {
      "concurrently": "^3.5.0"
    },
    "author": "amir gevari",
    "license": "MIT"
  }

yarn manifest: 
  No manifest

Lockfile: 
  No lockfile

Trace: 
  Error: Command failed.
  Exit code: 1
  Command: sh
  Arguments: -c concurrently --kill-others-on-fail "yarn server" "yarn client"
  Directory: /Users/videoedtitiranwire/Desktop/newsQuiz/api
  Output:
  
      at ProcessTermError.MessageError (/usr/local/lib/node_modules/yarn/lib/cli.js:186:110)
      at new ProcessTermError (/usr/local/lib/node_modules/yarn/lib/cli.js:226:113)
      at ChildProcess.<anonymous> (/usr/local/lib/node_modules/yarn/lib/cli.js:30281:17)
      at emitTwo (events.js:126:13)
      at ChildProcess.emit (events.js:214:7)
      at maybeClose (internal/child_process.js:925:16)
      at Process.ChildProcess._handle.onexit (internal/child_process.js:209:5)
